<?xml version="1.0" encoding="UTF-8"?>
<!-- Generated by org.testng.reporters.JUnitReportReporter -->
<testsuite skipped="0" hostname="DESKTOP-3SUJPVT" name="com.restassured.practice.Get_Call" tests="1" failures="0" timestamp="10 Feb 2019 15:43:08 GMT" time="2.691" errors="0">
  <testcase name="get_CllTest" time="2.691" classname="com.restassured.practice.Get_Call"/>
</testsuite> <!-- com.restassured.practice.Get_Call -->
