<?xml version="1.0" encoding="UTF-8"?>
<!-- Generated by org.testng.reporters.JUnitReportReporter -->
<testsuite skipped="0" hostname="DESKTOP-3SUJPVT" name="com.webServices.Testcases.TC1_GET_REQUESRT" tests="1" failures="0" timestamp="07 Feb 2019 13:54:48 GMT" time="7.460" errors="0">
  <testcase name="getWeatherDetails" time="7.460" classname="com.webServices.Testcases.TC1_GET_REQUESRT"/>
</testsuite> <!-- com.webServices.Testcases.TC1_GET_REQUESRT -->
