<?xml version="1.0" encoding="UTF-8"?>
<!-- Generated by org.testng.reporters.JUnitReportReporter -->
<testsuite skipped="0" hostname="DESKTOP-3SUJPVT" name="com.qa.practice.TC04_Delete_Call_Request" tests="1" failures="0" timestamp="10 Feb 2019 17:57:00 GMT" time="2.644" errors="0">
  <testcase name="deleteCallTest" time="2.644" classname="com.qa.practice.TC04_Delete_Call_Request"/>
</testsuite> <!-- com.qa.practice.TC04_Delete_Call_Request -->
