<?xml version="1.0" encoding="UTF-8"?>
<!-- Generated by org.testng.reporters.JUnitReportReporter -->
<testsuite skipped="0" hostname="DESKTOP-3SUJPVT" name="com.qa.practice.TC06_JsonPath" tests="1" failures="0" timestamp="10 Feb 2019 17:54:05 GMT" time="0.115" errors="0">
  <testcase name="jsonPathTest" time="0.115" classname="com.qa.practice.TC06_JsonPath"/>
</testsuite> <!-- com.qa.practice.TC06_JsonPath -->
