<?xml version="1.0" encoding="UTF-8"?>
<!-- Generated by org.testng.reporters.JUnitReportReporter -->
<testsuite skipped="0" hostname="DESKTOP-3SUJPVT" name="com.restassured.practice.Post_Call" tests="1" failures="0" timestamp="10 Feb 2019 16:00:55 GMT" time="2.748" errors="0">
  <testcase name="post_CallTest" time="2.748" classname="com.restassured.practice.Post_Call"/>
</testsuite> <!-- com.restassured.practice.Post_Call -->
